
FALSE  TRUE 
   21   172 
< table of extent 0 >

TRUE 
  22 
SNP pruning based on LD:
Excluding 0 SNP on non-autosomes
Excluding 6,394 SNPs (monomorphic: TRUE, MAF: NaN, missing rate: NaN)
    # of samples: 22
    # of SNPs: 55,773
    using 1 thread
    sliding window: 500,000 basepairs, Inf SNPs
    |LD| threshold: 0.2
    method: composite
Chromosome 1: 9.04%, 573/6,339
Chromosome 10: 11.27%, 301/2,670
Chromosome 11: 7.94%, 332/4,182
Chromosome 12: 10.33%, 336/3,254
Chromosome 13: 15.21%, 163/1,072
Chromosome 14: 9.29%, 204/2,195
Chromosome 15: 11.16%, 227/2,034
Chromosome 16: 7.61%, 206/2,706
Chromosome 17: 6.76%, 247/3,654
Chromosome 18: 13.91%, 143/1,028
Chromosome 19: 4.89%, 235/4,809
Chromosome 2: 12.05%, 496/4,116
Chromosome 20: 10.33%, 158/1,529
Chromosome 21: 8.55%, 72/842
Chromosome 22: 7.52%, 115/1,529
Chromosome 3: 12.63%, 415/3,285
Chromosome 4: 14.10%, 347/2,461
Chromosome 5: 12.78%, 335/2,622
Chromosome 6: 9.19%, 362/3,937
Chromosome 7: 10.94%, 366/3,344
Chromosome 8: 13.18%, 280/2,124
Chromosome 9: 10.68%, 260/2,435
6,173 markers are selected in total.
Identity-By-State (IBS) analysis on genotypes:
Excluding 0 SNP on non-autosomes
Excluding 6,394 SNPs (monomorphic: TRUE, MAF: NaN, missing rate: NaN)
    # of samples: 22
    # of SNPs: 55,773
    using 25 threads
IBS:    the sum of all selected genotypes (0,1,2) = 326839
Sat Nov  2 18:32:15 2024    (internal increment: 65536)
[..................................................]  0%, ETC: ---        [==================================================] 100%, completed, 0s
Sat Nov  2 18:32:15 2024    Done.
null device 
          1 

------------------------------------------------------------
Sender: LSF System <lsfadmin@node-14-14>
Subject: Job 820553: <Rscript /lustre/scratch125/casm/team274sb/mt22/Aneuploidy/scripts/finalScripts/0_genotyping_fetalSamples.R> in cluster <farm22> Done

Job <Rscript /lustre/scratch125/casm/team274sb/mt22/Aneuploidy/scripts/finalScripts/0_genotyping_fetalSamples.R> was submitted from host <farm22-head2> by user <mt22> in cluster <farm22> at Sat Nov  2 18:01:43 2024
Job was executed on host(s) <80*node-14-14>, in queue <hugemem>, as user <mt22> in cluster <farm22> at Sat Nov  2 18:01:44 2024
</nfs/users/nfs_m/mt22> was used as the home directory.
</nfs/users/nfs_m/mt22> was used as the working directory.
Started at Sat Nov  2 18:01:44 2024
Terminated at Sat Nov  2 18:32:18 2024
Results reported at Sat Nov  2 18:32:18 2024

Your job looked like:

------------------------------------------------------------
# LSBATCH: User input
Rscript /lustre/scratch125/casm/team274sb/mt22/Aneuploidy/scripts/finalScripts/0_genotyping_fetalSamples.R
------------------------------------------------------------

Successfully completed.

Resource usage summary:

    CPU time :                                   25676.66 sec.
    Max Memory :                                 2003 MB
    Average Memory :                             1662.13 MB
    Total Requested Memory :                     204800.00 MB
    Delta Memory :                               202797.00 MB
    Max Swap :                                   -
    Max Processes :                              55
    Max Threads :                                136
    Run time :                                   1832 sec.
    Turnaround time :                            1835 sec.

The output (if any) is above this job summary.



PS:

Read file </lustre/scratch125/casm/team274sb/mt22/Aneuploidy/scripts/finalScripts/820553.error> for stderr output of this job.

