
TRUE 
 193 

TRUE 
  52 

TRUE 
  73 
SNP pruning based on LD:
Excluding 0 SNP on non-autosomes
Excluding 2,943 SNPs (monomorphic: TRUE, MAF: NaN, missing rate: NaN)
    # of samples: 125
    # of SNPs: 59,224
    using 1 thread
    sliding window: 500,000 basepairs, Inf SNPs
    |LD| threshold: 0.2
    method: composite
Chromosome 1: 14.70%, 932/6,339
Chromosome 10: 18.39%, 491/2,670
Chromosome 11: 12.96%, 542/4,182
Chromosome 12: 15.58%, 507/3,254
Chromosome 13: 23.51%, 252/1,072
Chromosome 14: 15.95%, 350/2,195
Chromosome 15: 16.47%, 335/2,034
Chromosome 16: 12.53%, 339/2,706
Chromosome 17: 11.60%, 424/3,654
Chromosome 18: 21.98%, 226/1,028
Chromosome 19: 9.48%, 456/4,809
Chromosome 2: 18.20%, 749/4,116
Chromosome 20: 16.42%, 251/1,529
Chromosome 21: 15.91%, 134/842
Chromosome 22: 13.15%, 201/1,529
Chromosome 3: 18.26%, 600/3,285
Chromosome 4: 21.13%, 520/2,461
Chromosome 5: 19.53%, 512/2,622
Chromosome 6: 14.30%, 563/3,937
Chromosome 7: 16.06%, 537/3,344
Chromosome 8: 18.88%, 401/2,124
Chromosome 9: 17.62%, 429/2,435
9,751 markers are selected in total.
Identity-By-State (IBS) analysis on genotypes:
Excluding 0 SNP on non-autosomes
Excluding 2,943 SNPs (monomorphic: TRUE, MAF: NaN, missing rate: NaN)
    # of samples: 125
    # of SNPs: 59,224
    using 1 thread
IBS:    the sum of all selected genotypes (0,1,2) = 3290069
Sat Nov  2 19:30:42 2024    (internal increment: 65536)
[..................................................]  0%, ETC: ---        [==================================================] 100%, completed, 0s
Sat Nov  2 19:30:42 2024    Done.
null device 
          1 

------------------------------------------------------------
Sender: LSF System <lsfadmin@b11-hm-02>
Subject: Job 821389: <Rscript /lustre/scratch125/casm/team274sb/mt22/Aneuploidy/scripts/finalScripts/0_genotyping_fetalSamples.R> in cluster <farm22> Done

Job <Rscript /lustre/scratch125/casm/team274sb/mt22/Aneuploidy/scripts/finalScripts/0_genotyping_fetalSamples.R> was submitted from host <farm22-head2> by user <mt22> in cluster <farm22> at Sat Nov  2 19:20:11 2024
Job was executed on host(s) <80*b11-hm-02>, in queue <hugemem>, as user <mt22> in cluster <farm22> at Sat Nov  2 19:20:11 2024
</nfs/users/nfs_m/mt22> was used as the home directory.
</nfs/users/nfs_m/mt22> was used as the working directory.
Started at Sat Nov  2 19:20:11 2024
Terminated at Sat Nov  2 19:30:45 2024
Results reported at Sat Nov  2 19:30:45 2024

Your job looked like:

------------------------------------------------------------
# LSBATCH: User input
Rscript /lustre/scratch125/casm/team274sb/mt22/Aneuploidy/scripts/finalScripts/0_genotyping_fetalSamples.R
------------------------------------------------------------

Successfully completed.

Resource usage summary:

    CPU time :                                   592.10 sec.
    Max Memory :                                 18560 MB
    Average Memory :                             11581.75 MB
    Total Requested Memory :                     204800.00 MB
    Delta Memory :                               186240.00 MB
    Max Swap :                                   -
    Max Processes :                              3
    Max Threads :                                84
    Run time :                                   633 sec.
    Turnaround time :                            634 sec.

The output (if any) is above this job summary.



PS:

Read file </lustre/scratch125/casm/team274sb/mt22/Aneuploidy/scripts/finalScripts/821389.error> for stderr output of this job.

